<?xml version="1.0" encoding="UTF-8"?>
<!-- Generated by org.testng.reporters.JUnitXMLReporter -->
<testsuite hostname="hiddenlappy" ignored="0" name="Default test(failed)" tests="1" failures="1" timestamp="10 Mar 2020 17:25:12 GMT" time="8.665" errors="0">
  <testcase name="login" time="3.775" classname="com.inetBanking.testcase.TC_Loging_001">
    <failure type="java.lang.NullPointerException">
      <![CDATA[java.lang.NullPointerException
at org.openqa.selenium.support.pagefactory.DefaultElementLocator.findElement(DefaultElementLocator.java:70)
at org.openqa.selenium.support.pagefactory.internal.LocatingElementHandler.invoke(LocatingElementHandler.java:39)
at com.sun.proxy.$Proxy14.sendKeys(Unknown Source)
at com.inetBanking.pageObjects.LoginPage.setUserName(LoginPage.java:36)
at com.inetBanking.testcase.TC_Loging_001.login(TC_Loging_001.java:19)
... Removed 25 stack frames]]>
    </failure>
  </testcase> <!-- login -->
</testsuite> <!-- Default test(failed) -->
